<?xml version="1.0" encoding="UTF-8"?>
<!-- Generated by org.testng.reporters.JUnitReportReporter -->
<testsuite hostname="DESKTOP-ORKJ6M0" failures="0" tests="3" name="com.CRM.Testcases.HomePageTest" time="0.105" errors="0" timestamp="2024-05-12T06:00:27 IST" skipped="0">
  <testcase classname="com.CRM.Testcases.HomePageTest" name="validateURl" time="0.013"/>
  <system-out/>
  <testcase classname="com.CRM.Testcases.HomePageTest" name="validateTitle" time="0.010"/>
  <system-out/>
  <testcase classname="com.CRM.Testcases.HomePageTest" name="validateSignIn" time="0.082"/>
  <system-out/>
</testsuite> <!-- com.CRM.Testcases.HomePageTest -->
