<?xml version="1.0" encoding="UTF-8"?>
<!-- Generated by org.testng.reporters.JUnitReportReporter -->
<testsuite hostname="DESKTOP-ORKJ6M0" failures="0" tests="1" name="com.CRM.Testcases.LoginPageTest" time="0.632" errors="0" timestamp="2024-05-13T07:08:26 IST" skipped="0">
  <testcase classname="com.CRM.Testcases.LoginPageTest" name="validateLogin" time="0.632"/>
  <system-out/>
</testsuite> <!-- com.CRM.Testcases.LoginPageTest -->
