<?xml version="1.0" encoding="UTF-8"?>
<!-- Generated by org.testng.reporters.JUnitReportReporter -->
<testsuite hostname="DESKTOP-ORKJ6M0" failures="0" tests="3" name="com.CRM.Testcases.HomePageTest" time="0.113" errors="0" timestamp="2024-05-13T07:06:40 IST" skipped="0">
  <testcase classname="com.CRM.Testcases.HomePageTest" name="validateURl" time="0.014"/>
  <system-out/>
  <testcase classname="com.CRM.Testcases.HomePageTest" name="validateTitle" time="0.010"/>
  <system-out/>
  <testcase classname="com.CRM.Testcases.HomePageTest" name="validateSignIn" time="0.089"/>
  <system-out/>
</testsuite> <!-- com.CRM.Testcases.HomePageTest -->
